0 info it worked if it ends with ok
1 verbose cli [ 'node', '/usr/local/bin/npm', 'install' ]
2 info using npm@2.7.4
3 info using node@v0.12.2
4 verbose install where, deps [ '/Applications/XAMPP/xamppfiles/htdocs/f0nt',
4 verbose install   [ 'gulp', 'laravel-elixir' ] ]
5 verbose install where, peers [ '/Applications/XAMPP/xamppfiles/htdocs/f0nt', [] ]
6 info preinstall @
7 silly cache add args [ 'gulp@^3.8.8', null ]
8 verbose cache add spec gulp@^3.8.8
9 silly cache add parsed spec { raw: 'gulp@^3.8.8',
9 silly cache add   scope: null,
9 silly cache add   name: 'gulp',
9 silly cache add   rawSpec: '^3.8.8',
9 silly cache add   spec: '>=3.8.8 <4.0.0',
9 silly cache add   type: 'range' }
10 verbose addNamed gulp@>=3.8.8 <4.0.0
11 silly addNamed semver.valid null
12 silly addNamed semver.validRange >=3.8.8 <4.0.0
13 silly addNameRange { name: 'gulp', range: '>=3.8.8 <4.0.0', hasData: false }
14 silly mapToRegistry name gulp
15 silly mapToRegistry using default registry
16 silly mapToRegistry registry https://registry.npmjs.org/
17 silly mapToRegistry uri https://registry.npmjs.org/gulp
18 verbose addNameRange registry:https://registry.npmjs.org/gulp not in flight; fetching
19 silly cache add args [ 'laravel-elixir@*', null ]
20 verbose cache add spec laravel-elixir@*
21 silly cache add parsed spec { raw: 'laravel-elixir@*',
21 silly cache add   scope: null,
21 silly cache add   name: 'laravel-elixir',
21 silly cache add   rawSpec: '*',
21 silly cache add   spec: '*',
21 silly cache add   type: 'range' }
22 verbose addNamed laravel-elixir@*
23 silly addNamed semver.valid null
24 silly addNamed semver.validRange *
25 silly addNameRange { name: 'laravel-elixir', range: '*', hasData: false }
26 silly mapToRegistry name laravel-elixir
27 silly mapToRegistry using default registry
28 silly mapToRegistry registry https://registry.npmjs.org/
29 silly mapToRegistry uri https://registry.npmjs.org/laravel-elixir
30 verbose addNameRange registry:https://registry.npmjs.org/laravel-elixir not in flight; fetching
31 verbose request uri https://registry.npmjs.org/laravel-elixir
32 verbose request no auth needed
33 info attempt registry request try #1 at 9:34:59 PM
34 verbose request id 8ac9b94fa3fc469d
35 http request GET https://registry.npmjs.org/laravel-elixir
36 verbose request uri https://registry.npmjs.org/gulp
37 verbose request no auth needed
38 info attempt registry request try #1 at 9:34:59 PM
39 verbose etag "AHOFI7Q2JJU4LTUEYNU8DTI5W"
40 http request GET https://registry.npmjs.org/gulp
41 http 304 https://registry.npmjs.org/gulp
42 silly get cb [ 304,
42 silly get   { date: 'Mon, 04 May 2015 14:34:59 GMT',
42 silly get     via: '1.1 varnish',
42 silly get     'last-modified': 'Mon, 04 May 2015 14:34:35 GMT',
42 silly get     'cache-control': 'max-age=60',
42 silly get     etag: '"AHOFI7Q2JJU4LTUEYNU8DTI5W"',
42 silly get     age: '24',
42 silly get     connection: 'keep-alive',
42 silly get     'x-served-by': 'cache-sn86-SIN',
42 silly get     'x-cache': 'HIT',
42 silly get     'x-cache-hits': '1',
42 silly get     'x-timer': 'S1430750099.901739,VS0,VE0',
42 silly get     vary: 'Accept' } ]
43 verbose etag https://registry.npmjs.org/gulp from cache
44 verbose get saving gulp to /Users/vee/.npm/registry.npmjs.org/gulp/.cache.json
45 silly addNameRange number 2 { name: 'gulp', range: '>=3.8.8 <4.0.0', hasData: true }
46 silly addNameRange versions [ 'gulp',
46 silly addNameRange   [ '0.0.1',
46 silly addNameRange     '0.0.2',
46 silly addNameRange     '0.0.3',
46 silly addNameRange     '0.0.4',
46 silly addNameRange     '0.0.5',
46 silly addNameRange     '0.0.7',
46 silly addNameRange     '0.0.8',
46 silly addNameRange     '0.0.9',
46 silly addNameRange     '0.1.0',
46 silly addNameRange     '0.2.0',
46 silly addNameRange     '1.0.0',
46 silly addNameRange     '1.1.0',
46 silly addNameRange     '1.2.0',
46 silly addNameRange     '1.2.1',
46 silly addNameRange     '2.0.0',
46 silly addNameRange     '2.0.1',
46 silly addNameRange     '2.1.0',
46 silly addNameRange     '2.2.0',
46 silly addNameRange     '2.3.0',
46 silly addNameRange     '2.4.0',
46 silly addNameRange     '2.4.1',
46 silly addNameRange     '2.6.0',
46 silly addNameRange     '2.6.1',
46 silly addNameRange     '2.7.0',
46 silly addNameRange     '3.0.0',
46 silly addNameRange     '3.1.1',
46 silly addNameRange     '3.1.2',
46 silly addNameRange     '3.1.3',
46 silly addNameRange     '3.1.4',
46 silly addNameRange     '3.2.0',
46 silly addNameRange     '3.2.1',
46 silly addNameRange     '3.2.2',
46 silly addNameRange     '3.2.3',
46 silly addNameRange     '3.2.4',
46 silly addNameRange     '3.2.5',
46 silly addNameRange     '3.3.0',
46 silly addNameRange     '3.3.1',
46 silly addNameRange     '3.3.2',
46 silly addNameRange     '3.3.4',
46 silly addNameRange     '3.4.0',
46 silly addNameRange     '3.5.0',
46 silly addNameRange     '3.5.1',
46 silly addNameRange     '3.5.2',
46 silly addNameRange     '3.5.5',
46 silly addNameRange     '3.5.6',
46 silly addNameRange     '3.6.0',
46 silly addNameRange     '3.6.1',
46 silly addNameRange     '3.6.2',
46 silly addNameRange     '3.7.0',
46 silly addNameRange     '3.8.0',
46 silly addNameRange     '3.8.1',
46 silly addNameRange     '3.8.2',
46 silly addNameRange     '3.8.3',
46 silly addNameRange     '3.8.4',
46 silly addNameRange     '3.8.5',
46 silly addNameRange     '3.8.6',
46 silly addNameRange     '3.8.7',
46 silly addNameRange     '3.8.8',
46 silly addNameRange     '3.8.9',
46 silly addNameRange     '3.8.10',
46 silly addNameRange     '3.8.11' ] ]
47 verbose addNamed gulp@3.8.11
48 silly addNamed semver.valid 3.8.11
49 silly addNamed semver.validRange 3.8.11
50 silly cache afterAdd gulp@3.8.11
51 verbose afterAdd /Users/vee/.npm/gulp/3.8.11/package/package.json not in flight; writing
52 verbose afterAdd /Users/vee/.npm/gulp/3.8.11/package/package.json written
53 http 200 https://registry.npmjs.org/laravel-elixir
54 silly get cb [ 200,
54 silly get   { server: 'CouchDB/1.5.0 (Erlang OTP/R16B03)',
54 silly get     etag: '"ENI446JJS6X87HKK8FKYVIG06"',
54 silly get     'content-type': 'application/json',
54 silly get     'cache-control': 'max-age=60',
54 silly get     'content-length': '173309',
54 silly get     'accept-ranges': 'bytes',
54 silly get     date: 'Mon, 04 May 2015 14:35:01 GMT',
54 silly get     via: '1.1 varnish',
54 silly get     age: '1',
54 silly get     connection: 'keep-alive',
54 silly get     'x-served-by': 'cache-sn86-SIN',
54 silly get     'x-cache': 'MISS',
54 silly get     'x-cache-hits': '0',
54 silly get     'x-timer': 'S1430750099.844040,VS0,VE1230',
54 silly get     vary: 'Accept' } ]
55 verbose get saving laravel-elixir to /Users/vee/.npm/registry.npmjs.org/laravel-elixir/.cache.json
56 silly addNameRange number 2 { name: 'laravel-elixir', range: '*', hasData: true }
57 silly addNameRange versions [ 'laravel-elixir',
57 silly addNameRange   [ '0.1.0',
57 silly addNameRange     '0.1.1',
57 silly addNameRange     '0.1.2',
57 silly addNameRange     '0.1.3',
57 silly addNameRange     '0.1.4',
57 silly addNameRange     '0.1.5',
57 silly addNameRange     '0.1.6',
57 silly addNameRange     '0.1.7',
57 silly addNameRange     '0.1.8',
57 silly addNameRange     '0.1.9',
57 silly addNameRange     '0.2.0',
57 silly addNameRange     '0.2.1',
57 silly addNameRange     '0.2.2',
57 silly addNameRange     '0.3.0',
57 silly addNameRange     '0.3.1',
57 silly addNameRange     '0.3.2',
57 silly addNameRange     '0.3.3',
57 silly addNameRange     '0.3.4',
57 silly addNameRange     '0.3.5',
57 silly addNameRange     '0.3.7',
57 silly addNameRange     '0.3.8',
57 silly addNameRange     '0.3.9',
57 silly addNameRange     '0.3.10',
57 silly addNameRange     '0.3.11',
57 silly addNameRange     '0.4.0',
57 silly addNameRange     '0.4.1',
57 silly addNameRange     '0.4.3',
57 silly addNameRange     '0.4.4',
57 silly addNameRange     '0.4.5',
57 silly addNameRange     '0.4.6',
57 silly addNameRange     '0.4.7',
57 silly addNameRange     '0.4.8',
57 silly addNameRange     '0.4.9',
57 silly addNameRange     '0.4.10',
57 silly addNameRange     '0.4.11',
57 silly addNameRange     '0.4.12',
57 silly addNameRange     '0.4.13',
57 silly addNameRange     '0.4.14',
57 silly addNameRange     '0.4.15',
57 silly addNameRange     '0.4.16',
57 silly addNameRange     '0.4.17',
57 silly addNameRange     '0.5.0',
57 silly addNameRange     '0.5.1',
57 silly addNameRange     '0.5.2',
57 silly addNameRange     '0.5.3',
57 silly addNameRange     '0.5.4',
57 silly addNameRange     '0.5.5',
57 silly addNameRange     '0.5.6',
57 silly addNameRange     '0.5.7',
57 silly addNameRange     '0.5.8',
57 silly addNameRange     '0.6.0',
57 silly addNameRange     '0.6.1',
57 silly addNameRange     '0.6.2',
57 silly addNameRange     '0.6.3',
57 silly addNameRange     '0.6.4',
57 silly addNameRange     '0.6.5',
57 silly addNameRange     '0.6.6',
57 silly addNameRange     '0.7.0',
57 silly addNameRange     '0.6.7',
57 silly addNameRange     '0.6.8',
57 silly addNameRange     '0.7.1',
57 silly addNameRange     '0.7.3',
57 silly addNameRange     '0.7.4',
57 silly addNameRange     '0.7.5',
57 silly addNameRange     '0.7.6',
57 silly addNameRange     '0.7.7',
57 silly addNameRange     '0.7.8',
57 silly addNameRange     '0.7.9',
57 silly addNameRange     '0.7.10',
57 silly addNameRange     '0.7.11',
57 silly addNameRange     '0.8.0',
57 silly addNameRange     '0.8.1',
57 silly addNameRange     '0.9.1',
57 silly addNameRange     '0.10.0',
57 silly addNameRange     '0.10.1',
57 silly addNameRange     '0.10.2',
57 silly addNameRange     '0.10.3',
57 silly addNameRange     '0.10.4',
57 silly addNameRange     '0.10.5',
57 silly addNameRange     '0.10.6',
57 silly addNameRange     '0.10.7',
57 silly addNameRange     '0.11.0',
57 silly addNameRange     '0.12.0',
57 silly addNameRange     '0.12.2',
57 silly addNameRange     '0.12.3',
57 silly addNameRange     '0.13.0',
57 silly addNameRange     '0.13.1',
57 silly addNameRange     '0.13.2',
57 silly addNameRange     '0.13.3',
57 silly addNameRange     '0.14.0',
57 silly addNameRange     '0.14.2',
57 silly addNameRange     '0.14.3',
57 silly addNameRange     '0.14.4',
57 silly addNameRange     '0.15.0',
57 silly addNameRange     '0.15.1',
57 silly addNameRange     '0.15.2',
57 silly addNameRange     '0.15.3',
57 silly addNameRange     '0.15.4',
57 silly addNameRange     '0.15.5',
57 silly addNameRange     '0.16.0',
57 silly addNameRange     '0.16.1',
57 silly addNameRange     '0.16.2',
57 silly addNameRange     '0.16.3',
57 silly addNameRange     '0.18.0',
57 silly addNameRange     '0.18.1',
57 silly addNameRange     '0.18.2',
57 silly addNameRange     '0.18.3',
57 silly addNameRange     '0.18.4',
57 silly addNameRange     '0.18.5',
57 silly addNameRange     '0.18.6',
57 silly addNameRange     '0.18.7' ] ]
58 verbose addNamed laravel-elixir@0.18.7
59 silly addNamed semver.valid 0.18.7
60 silly addNamed semver.validRange 0.18.7
61 silly mapToRegistry name laravel-elixir
62 silly mapToRegistry using default registry
63 silly mapToRegistry registry https://registry.npmjs.org/
64 silly mapToRegistry uri https://registry.npmjs.org/laravel-elixir
65 verbose addRemoteTarball https://registry.npmjs.org/laravel-elixir/-/laravel-elixir-0.18.7.tgz not in flight; adding
66 verbose addRemoteTarball [ 'https://registry.npmjs.org/laravel-elixir/-/laravel-elixir-0.18.7.tgz',
66 verbose addRemoteTarball   'd300a66ba3df9794911eff312aa119c61a7d956a' ]
67 info retry fetch attempt 1 at 9:35:01 PM
68 info attempt registry request try #1 at 9:35:01 PM
69 http fetch GET https://registry.npmjs.org/laravel-elixir/-/laravel-elixir-0.18.7.tgz
70 http fetch 200 https://registry.npmjs.org/laravel-elixir/-/laravel-elixir-0.18.7.tgz
71 silly fetchAndShaCheck shasum d300a66ba3df9794911eff312aa119c61a7d956a
72 verbose addTmpTarball /var/folders/np/59fpxkzj5yxbcb4qzh4_t1v00000gn/T/npm-68446-3a91a89f/registry.npmjs.org/laravel-elixir/-/laravel-elixir-0.18.7.tgz not in flight; adding
73 verbose addTmpTarball already have metadata; skipping unpack for laravel-elixir@0.18.7
74 silly cache afterAdd laravel-elixir@0.18.7
75 verbose afterAdd /Users/vee/.npm/laravel-elixir/0.18.7/package/package.json not in flight; writing
76 verbose afterAdd /Users/vee/.npm/laravel-elixir/0.18.7/package/package.json written
77 silly install resolved [ { name: 'gulp',
77 silly install resolved     description: 'The streaming build system',
77 silly install resolved     version: '3.8.11',
77 silly install resolved     homepage: 'http://gulpjs.com',
77 silly install resolved     repository: { type: 'git', url: 'https://github.com/gulpjs/gulp' },
77 silly install resolved     author:
77 silly install resolved      { name: 'Fractal',
77 silly install resolved        email: 'contact@wearefractal.com',
77 silly install resolved        url: 'http://wearefractal.com/' },
77 silly install resolved     tags: [ 'build', 'stream', 'system', 'make', 'tool', 'asset', 'pipeline' ],
77 silly install resolved     files: [ 'index.js', 'lib', 'bin', 'completion' ],
77 silly install resolved     bin: { gulp: './bin/gulp.js' },
77 silly install resolved     man: [ 'gulp.1' ],
77 silly install resolved     dependencies:
77 silly install resolved      { archy: '^1.0.0',
77 silly install resolved        chalk: '^0.5.0',
77 silly install resolved        deprecated: '^0.0.1',
77 silly install resolved        'gulp-util': '^3.0.0',
77 silly install resolved        interpret: '^0.3.2',
77 silly install resolved        liftoff: '^2.0.1',
77 silly install resolved        minimist: '^1.1.0',
77 silly install resolved        orchestrator: '^0.3.0',
77 silly install resolved        'pretty-hrtime': '^0.2.0',
77 silly install resolved        semver: '^4.1.0',
77 silly install resolved        tildify: '^1.0.0',
77 silly install resolved        v8flags: '^2.0.2',
77 silly install resolved        'vinyl-fs': '^0.3.0' },
77 silly install resolved     devDependencies:
77 silly install resolved      { coveralls: '^2.7.0',
77 silly install resolved        'graceful-fs': '^3.0.0',
77 silly install resolved        istanbul: '^0.3.0',
77 silly install resolved        jshint: '^2.5.0',
77 silly install resolved        'jshint-stylish': '^1.0.0',
77 silly install resolved        'marked-man': '^0.1.3',
77 silly install resolved        mkdirp: '^0.5.0',
77 silly install resolved        mocha: '^2.0.1',
77 silly install resolved        'mocha-lcov-reporter': '^0.0.1',
77 silly install resolved        q: '^1.0.0',
77 silly install resolved        rimraf: '^2.2.5',
77 silly install resolved        should: '^4.0.0' },
77 silly install resolved     scripts:
77 silly install resolved      { prepublish: 'marked-man --name gulp docs/CLI.md > gulp.1',
77 silly install resolved        lint: 'jshint lib bin index.js --reporter node_modules/jshint-stylish/stylish.js --exclude node_modules',
77 silly install resolved        test: 'npm run-script lint && mocha --reporter spec',
77 silly install resolved        coveralls: 'istanbul cover _mocha --report lcovonly -- -R spec && cat ./coverage/lcov.info | coveralls && rm -rf ./coverage' },
77 silly install resolved     engineStrict: true,
77 silly install resolved     engines: { node: '>= 0.9' },
77 silly install resolved     licenses: [ [Object] ],
77 silly install resolved     gitHead: '84df40b0faabc2b61d576154fd1145e2146377ca',
77 silly install resolved     bugs: { url: 'https://github.com/gulpjs/gulp/issues' },
77 silly install resolved     _id: 'gulp@3.8.11',
77 silly install resolved     _shasum: 'd557e0a7283eb4136491969b0497767972f1d28a',
77 silly install resolved     _from: 'gulp@>=3.8.8 <4.0.0',
77 silly install resolved     _npmVersion: '2.5.1',
77 silly install resolved     _nodeVersion: '0.12.0',
77 silly install resolved     _npmUser: { name: 'phated', email: 'blaine@iceddev.com' },
77 silly install resolved     maintainers: [ [Object], [Object] ],
77 silly install resolved     dist:
77 silly install resolved      { shasum: 'd557e0a7283eb4136491969b0497767972f1d28a',
77 silly install resolved        tarball: 'http://registry.npmjs.org/gulp/-/gulp-3.8.11.tgz' },
77 silly install resolved     directories: {},
77 silly install resolved     _resolved: 'https://registry.npmjs.org/gulp/-/gulp-3.8.11.tgz',
77 silly install resolved     readme: 'ERROR: No README data found!' },
77 silly install resolved   { name: 'laravel-elixir',
77 silly install resolved     version: '0.18.7',
77 silly install resolved     description: 'Laravel Elixir Core',
77 silly install resolved     main: 'index.js',
77 silly install resolved     scripts: { test: 'echo "Error: no test specified" && exit 1' },
77 silly install resolved     repository: { type: 'git', url: 'https://github.com/laravel/elixir' },
77 silly install resolved     keywords: [ 'laravel', 'elixir', 'gulp' ],
77 silly install resolved     author: { name: 'Taylor Otwell, Jeffrey Way' },
77 silly install resolved     license: 'MIT',
77 silly install resolved     homepage: 'https://github.com/laravel/elixir',
77 silly install resolved     dependencies:
77 silly install resolved      { babelify: '^6.0.0',
77 silly install resolved        browserify: '^9.0.4',
77 silly install resolved        del: '^0.1.3',
77 silly install resolved        'gulp-autoprefixer': '^1.0.1',
77 silly install resolved        'gulp-coffee': '^2.2.0',
77 silly install resolved        'gulp-concat': '^2.4.1',
77 silly install resolved        'gulp-filter': '^1.0.2',
77 silly install resolved        'gulp-if': '^1.2.5',
77 silly install resolved        'gulp-less': '^3.0.2',
77 silly install resolved        'gulp-load-plugins': '^0.7.0',
77 silly install resolved        'gulp-minify-css': '^0.3.10',
77 silly install resolved        'gulp-notify': '^1.8.0',
77 silly install resolved        'gulp-phpspec': '^0.3.0',
77 silly install resolved        'gulp-phpunit': '^0.6.3',
77 silly install resolved        'gulp-rename': '^1.2.0',
77 silly install resolved        'gulp-rev': '^2.0.0',
77 silly install resolved        'gulp-ruby-sass': '^1.0.1',
77 silly install resolved        'gulp-sass': '^1.1.0',
77 silly install resolved        'gulp-shell': '^0.2.9',
77 silly install resolved        'gulp-sourcemaps': '^1.3.0',
77 silly install resolved        'gulp-uglify': '^1.0.1',
77 silly install resolved        'gulp-util': '^3.0.1',
77 silly install resolved        install: '^0.1.7',
77 silly install resolved        'main-bower-files': '^2.4.0',
77 silly install resolved        'merge-stream': '^0.1.7',
77 silly install resolved        npm: '^2.1.2',
77 silly install resolved        'parse-filepath': '^0.5.0',
77 silly install resolved        'require-dir': '^0.1.0',
77 silly install resolved        'run-sequence': '^1.0.1',
77 silly install resolved        underscore: '^1.7.0',
77 silly install resolved        'vinyl-paths': '^1.0.0',
77 silly install resolved        'vinyl-source-stream': '^1.1.0' },
77 silly install resolved     devDependencies: { gulp: '^3.8.8' },
77 silly install resolved     gitHead: '8dc9939699ceebc964748ffd85161b14474b80dc',
77 silly install resolved     bugs: { url: 'https://github.com/laravel/elixir/issues' },
77 silly install resolved     _id: 'laravel-elixir@0.18.7',
77 silly install resolved     _shasum: 'd300a66ba3df9794911eff312aa119c61a7d956a',
77 silly install resolved     _from: 'laravel-elixir@*',
77 silly install resolved     _npmVersion: '1.4.21',
77 silly install resolved     _npmUser: { name: 'jeffreyway', email: 'jeffrey@laracasts.com' },
77 silly install resolved     maintainers: [ [Object] ],
77 silly install resolved     dist:
77 silly install resolved      { shasum: 'd300a66ba3df9794911eff312aa119c61a7d956a',
77 silly install resolved        tarball: 'http://registry.npmjs.org/laravel-elixir/-/laravel-elixir-0.18.7.tgz' },
77 silly install resolved     directories: {},
77 silly install resolved     _resolved: 'https://registry.npmjs.org/laravel-elixir/-/laravel-elixir-0.18.7.tgz' } ]
78 info install gulp@3.8.11 into /Applications/XAMPP/xamppfiles/htdocs/f0nt
79 info install laravel-elixir@0.18.7 into /Applications/XAMPP/xamppfiles/htdocs/f0nt
80 info installOne gulp@3.8.11
81 verbose installOne of gulp to /Applications/XAMPP/xamppfiles/htdocs/f0nt not in flight; installing
82 info installOne laravel-elixir@0.18.7
83 verbose installOne of laravel-elixir to /Applications/XAMPP/xamppfiles/htdocs/f0nt not in flight; installing
84 warn locking Error: EACCES, open '/Users/vee/.npm/_locks/gulp-15266429bedd880a.lock'
84 warn locking     at Error (native)
84 warn locking  /Users/vee/.npm/_locks/gulp-15266429bedd880a.lock failed { [Error: EACCES, open '/Users/vee/.npm/_locks/gulp-15266429bedd880a.lock']
84 warn locking   errno: -13,
84 warn locking   code: 'EACCES',
84 warn locking   path: '/Users/vee/.npm/_locks/gulp-15266429bedd880a.lock' }
85 verbose stack Error: Attempt to unlock /Applications/XAMPP/xamppfiles/htdocs/f0nt/node_modules/gulp, which hasn't been locked
85 verbose stack     at unlock (/usr/local/lib/node_modules/npm/lib/utils/locker.js:66:11)
85 verbose stack     at cb (/usr/local/lib/node_modules/npm/lib/install.js:1004:5)
85 verbose stack     at /usr/local/lib/node_modules/npm/lib/install.js:1008:20
85 verbose stack     at /usr/local/lib/node_modules/npm/lib/utils/locker.js:40:9
85 verbose stack     at cb (/usr/local/lib/node_modules/npm/node_modules/lockfile/lockfile.js:149:38)
85 verbose stack     at /usr/local/lib/node_modules/npm/node_modules/lockfile/lockfile.js:177:38
85 verbose stack     at FSReqWrap.oncomplete (fs.js:95:15)
86 verbose cwd /Applications/XAMPP/xamppfiles/htdocs/f0nt/public/res
87 error Darwin 14.1.0
88 error argv "node" "/usr/local/bin/npm" "install"
89 error node v0.12.2
90 error npm  v2.7.4
91 error Attempt to unlock /Applications/XAMPP/xamppfiles/htdocs/f0nt/node_modules/gulp, which hasn't been locked
92 error If you need help, you may report this error at:
92 error     <https://github.com/npm/npm/issues>
93 verbose exit [ 1, true ]
